<?xml version="1.0" encoding="UTF-8"?>
<!-- Generated by org.testng.reporters.JUnitReportReporter -->
<testsuite skipped="0" hostname="SHUBHAM-QA" name="com.javapractice.classes.ArrayPrograms" tests="2" failures="0" timestamp="5 Mar 2020 06:05:23 GMT" time="10.838" errors="0">
  <testcase name="compareTwoArray" time="0.013" classname="com.javapractice.classes.ArrayPrograms"/>
  <testcase name="deleteNumber2" time="10.825" classname="com.javapractice.classes.ArrayPrograms"/>
</testsuite> <!-- com.javapractice.classes.ArrayPrograms -->
