<?xml version="1.0" encoding="UTF-8"?>
<!-- Generated by org.testng.reporters.JUnitReportReporter -->
<testsuite skipped="0" hostname="SHUBHAM-QA" name="com.javapractice.classes.DatePracticeClass" tests="2" failures="0" timestamp="24 Feb 2020 05:03:02 GMT" time="0.040" errors="0">
  <testcase name="simpleDateFormatterClass" time="0.014" classname="com.javapractice.classes.DatePracticeClass"/>
  <testcase name="dateClass" time="0.026" classname="com.javapractice.classes.DatePracticeClass"/>
</testsuite> <!-- com.javapractice.classes.DatePracticeClass -->
