<?xml version="1.0" encoding="UTF-8"?>
<!-- Generated by org.testng.reporters.JUnitReportReporter -->
<testsuite skipped="0" hostname="SHUBHAM-QA" name="com.javapractice.classes.RegularExpressions" tests="1" failures="0" timestamp="3 Mar 2020 04:50:43 GMT" time="0.013" errors="0">
  <testcase name="regularExpression" time="0.013" classname="com.javapractice.classes.RegularExpressions"/>
</testsuite> <!-- com.javapractice.classes.RegularExpressions -->
