<?xml version="1.0" encoding="UTF-8"?>
<!-- Generated by org.testng.reporters.JUnitReportReporter -->
<testsuite skipped="0" hostname="SHUBHAM-QA" name="com.javapractice.classes.ArrayPart3" tests="2" failures="0" timestamp="6 Mar 2020 05:54:45 GMT" time="0.014" errors="0">
  <testcase name="convertArrayListToArry" time="0.012" classname="com.javapractice.classes.ArrayPart3"/>
  <testcase name="equalityOfTwoArray" time="0.002" classname="com.javapractice.classes.ArrayPart3"/>
</testsuite> <!-- com.javapractice.classes.ArrayPart3 -->
