<?xml version="1.0" encoding="UTF-8"?>
<!-- Generated by org.testng.reporters.JUnitReportReporter -->
<testsuite skipped="0" hostname="SHUBHAM-QA" name="com.javapractice.classes.ArrayConcept" tests="4" failures="0" timestamp="2 Mar 2020 07:30:00 GMT" time="0.016" errors="0">
  <testcase name="array3" time="0.002" classname="com.javapractice.classes.ArrayConcept"/>
  <testcase name="array4" time="0.002" classname="com.javapractice.classes.ArrayConcept"/>
  <testcase name="array1" time="0.010" classname="com.javapractice.classes.ArrayConcept"/>
  <testcase name="array2" time="0.002" classname="com.javapractice.classes.ArrayConcept"/>
</testsuite> <!-- com.javapractice.classes.ArrayConcept -->
