<?xml version="1.0" encoding="UTF-8"?>
<!-- Generated by org.testng.reporters.JUnitReportReporter -->
<testsuite skipped="0" hostname="SHUBHAM-QA" name="com.javapractice.classes.ArrayPart2" tests="1" failures="0" timestamp="6 Mar 2020 04:50:33 GMT" time="1.363" errors="0">
  <testcase name="findDublicateNumbers" time="1.363" classname="com.javapractice.classes.ArrayPart2"/>
</testsuite> <!-- com.javapractice.classes.ArrayPart2 -->
